#
# A fatal error has been detected by the Java Runtime Environment:
#
#  SIGSEGV (0xb) at pc=0x00007f43a5f20401, pid=44, tid=308
#
# JRE version: OpenJDK Runtime Environment (11.0.9.1+1) (build 11.0.9.1+1-Ubuntu-0ubuntu1.18.04)
# Java VM: OpenJDK 64-Bit Server VM (11.0.9.1+1-Ubuntu-0ubuntu1.18.04, mixed mode, sharing, tiered, compressed oops, serial gc, linux-amd64)
# Problematic frame:
# C  [libjimage.so+0x2401]
#
# Core dump will be written. Default location: Core dumps may be processed with "/usr/share/apport/apport %p %s %c %d %P %E" (or dumping to /home/runner/thiccthaccthoe/core.44)
#
# If you would like to submit a bug report, please visit:
#   https://bugs.launchpad.net/ubuntu/+source/openjdk-lts
#

---------------  S U M M A R Y ------------

Command Line: Main

Host: Intel(R) Xeon(R) CPU @ 2.30GHz, 4 cores, 512M, Ubuntu 18.04.5 LTS
Time: Wed Jan  6 11:46:14 2021 UTC elapsed time: 2540.881035 seconds (0d 0h 42m 20s)

---------------  T H R E A D  ---------------

Current thread (0x00007f433c001000):  JavaThread "XToolkt-Shutdown-Thread" [_thread_in_vm, id=308, stack(0x00007f435aaed000,0x00007f435abee000)]

Stack: [0x00007f435aaed000,0x00007f435abee000],  sp=0x00007f435abeb060,  free space=1016k
Native frames: (J=compiled Java code, A=aot compiled Java code, j=interpreted, Vv=VM code, C=native code)
C  [libjimage.so+0x2401]
C  [libjimage.so+0x30ea]
C  [libjimage.so+0x35c6]  JIMAGE_FindResource+0xd6
V  [libjvm.so+0x5bf44e]
V  [libjvm.so+0x5c21b0]
V  [libjvm.so+0xe427d5]
V  [libjvm.so+0xe4008a]
V  [libjvm.so+0xe42d62]
V  [libjvm.so+0x677307]
V  [libjvm.so+0xa6afca]
V  [libjvm.so+0x874996]
V  [libjvm.so+0x87588d]
j  sun.awt.X11.XToolkit.lambda$init$0()V+0 java.desktop@11.0.9.1
j  sun.awt.X11.XToolkit$$Lambda$10.run()V+4 java.desktop@11.0.9.1
j  java.lang.Thread.run()V+11 java.base@11.0.9.1
v  ~StubRoutines::call_stub
V  [libjvm.so+0x87f359]
V  [libjvm.so+0x87d49d]
V  [libjvm.so+0x926c7c]
V  [libjvm.so+0xe7b37f]
V  [libjvm.so+0xe77acf]
V  [libjvm.so+0xc1977e]

Java frames: (J=compiled Java code, j=interpreted, Vv=VM code)
j  sun.awt.X11.XToolkit.lambda$init$0()V+0 java.desktop@11.0.9.1
j  sun.awt.X11.XToolkit$$Lambda$10.run()V+4 java.desktop@11.0.9.1
j  java.lang.Thread.run()V+11 java.base@11.0.9.1
v  ~StubRoutines::call_stub

siginfo: si_signo: 11 (SIGSEGV), si_code: 1 (SEGV_MAPERR), si_addr: 0x00007f43978a5758

Register to memory mapping:

RAX=0x00000000000031cf is an unknown value
RBX=0x00007f435abeb111 is pointing into the stack for thread: 0x00007f433c001000
RCX=0x00007f439789901c is an unknown value
RDX=0x00000000000031cf is an unknown value
RSP=0x00007f435abeb060 is pointing into the stack for thread: 0x00007f433c001000
RBP=0x00007f435abeb080 is pointing into the stack for thread: 0x00007f433c001000
RSI=0x00007f435abeb110 is pointing into the stack for thread: 0x00007f433c001000
RDI=0x00007f43a6123030: <offset 0x0000000000205030> in /usr/lib/jvm/java-11-openjdk-amd64/lib/libjimage.so at 0x00007f43a5f1e000
R8 =0x0 is NULL
R9 =0x00000000ca0d71f0 is an unknown value
R10=0x00007f435abeb134 is pointing into the stack for thread: 0x00007f433c001000
R11=0x00007f43a8dd8440: <offset 0x00000000001af440> in /lib/x86_64-linux-gnu/libc.so.6 at 0x00007f43a8c29000
R12=0x00007f435abeb110 is pointing into the stack for thread: 0x00007f433c001000
R13=0x0000000000008412 is an unknown value
R14=0x00007f435abec1a8 is pointing into the stack for thread: 0x00007f433c001000
R15=0x00007f436c01f030 points into unknown readable memory: 73 75 6e 2f 61 77 74 2f


Registers:
RAX=0x00000000000031cf, RBX=0x00007f435abeb111, RCX=0x00007f439789901c, RDX=0x00000000000031cf
RSP=0x00007f435abeb060, RBP=0x00007f435abeb080, RSI=0x00007f435abeb110, RDI=0x00007f43a6123030
R8 =0x0000000000000000, R9 =0x00000000ca0d71f0, R10=0x00007f435abeb134, R11=0x00007f43a8dd8440
R12=0x00007f435abeb110, R13=0x0000000000008412, R14=0x00007f435abec1a8, R15=0x00007f436c01f030
RIP=0x00007f43a5f20401, EFLAGS=0x0000000000010246, CSGSFS=0x002b000000000033, ERR=0x0000000000000004
  TRAPNO=0x000000000000000e

Top of Stack: (sp=0x00007f435abeb060)
0x00007f435abeb060:   000000000000000d 00007f43a0009900
0x00007f435abeb070:   0000000000000000 00007f435abeb110
0x00007f435abeb080:   00007f435abeb0f0 00007f43a5f210ea
0x00007f435abeb090:   000000000000000c 00007f436c01f100 

Instructions: (pc=0x00007f43a5f20401)
0x00007f43a5f20301:   c5 4c 01 e3 48 89 ce e8 d3 f3 ff ff e9 69 fd ff
0x00007f43a5f20311:   ff 89 d1 0f b7 74 08 fe 66 41 89 74 0e fe e9 7a
0x00007f43a5f20321:   fe ff ff 0f 1f 40 00 8b 08 49 8d 1c 16 41 89 0e
0x00007f43a5f20331:   89 d1 8b 74 08 fc 41 89 74 0e fc 48 8d 34 10 48
0x00007f43a5f20341:   89 75 b8 e9 0b fe ff ff 0f 1f 80 00 00 00 00 0f
0x00007f43a5f20351:   b6 17 55 89 f0 48 89 e5 84 d2 74 22 48 8d 4f 01
0x00007f43a5f20361:   0f 1f 80 00 00 00 00 48 83 c1 01 0f b6 f2 0f b6
0x00007f43a5f20371:   51 ff 69 c0 93 01 00 01 31 f0 84 d2 75 e9 25 ff
0x00007f43a5f20381:   ff ff 7f 5d c3 66 2e 0f 1f 84 00 00 00 00 00 48
0x00007f43a5f20391:   85 d2 0f 84 dd 00 00 00 85 c9 0f 84 d5 00 00 00
0x00007f43a5f203a1:   55 48 89 e5 41 55 41 54 53 48 8d 5e 01 48 83 ec
0x00007f43a5f203b1:   08 44 0f b6 06 45 84 c0 0f 84 a9 00 00 00 49 89
0x00007f43a5f203c1:   da b8 93 01 00 01 66 0f 1f 84 00 00 00 00 00 49
0x00007f43a5f203d1:   83 c2 01 44 69 c8 93 01 00 01 41 0f b6 c0 45 0f
0x00007f43a5f203e1:   b6 42 ff 44 31 c8 45 84 c0 75 e4 25 ff ff ff 7f
0x00007f43a5f203f1:   41 89 cd 48 89 d1 31 d2 41 f7 f5 49 89 f4 89 d0
0x00007f43a5f20401:   8b 34 81 48 8b 07 ff 50 20 83 f8 00 7e 41 41 0f
0x00007f43a5f20411:   b6 14 24 84 d2 74 1c 0f 1f 84 00 00 00 00 00 69
0x00007f43a5f20421:   c0 93 01 00 01 48 83 c3 01 31 d0 0f b6 53 ff 84
0x00007f43a5f20431:   d2 75 ec 25 ff ff ff 7f 31 d2 41 f7 f5 48 83 c4
0x00007f43a5f20441:   08 89 d0 5b 41 5c 41 5d 5d c3 0f 1f 44 00 00 74
0x00007f43a5f20451:   1d f7 d0 48 83 c4 08 89 c2 5b 89 d0 41 5c 41 5d
0x00007f43a5f20461:   5d c3 0f 1f 44 00 00 b8 93 01 00 01 eb 82 ba ff
0x00007f43a5f20471:   ff ff ff eb c8 83 ca ff 89 d0 c3 0f 1f 40 00 0f
0x00007f43a5f20481:   b6 17 55 48 89 f8 48 89 e5 84 d2 75 15 eb 1a 38
0x00007f43a5f20491:   ca 75 1c 48 83 c0 01 0f b6 10 48 83 c6 01 84 d2
0x00007f43a5f204a1:   74 07 0f b6 0e 84 c9 75 e6 5d c3 0f 1f 40 00 31
0x00007f43a5f204b1:   c0 5d c3 66 90 66 2e 0f 1f 84 00 00 00 00 00 55
0x00007f43a5f204c1:   48 85 f6 48 89 e5 74 57 0f 1f 80 00 00 00 00 0f
0x00007f43a5f204d1:   b6 06 84 c0 74 49 0f b6 d0 83 e0 07 c1 fa 03 44
0x00007f43a5f204e1:   8d 50 01 0f b6 c0 41 89 d1 48 8d 56 01 4c 8d 44
0x00007f43a5f204f1:   06 02 31 c0 0f 1f 00 0f b6 0a 48 c1 e0 08 48 83 


Stack slot to memory mapping:
stack at sp + 0 slots: 0x000000000000000d is an unknown value
stack at sp + 1 slots: 0x00007f43a0009900 points into unknown readable memory: 50 0f 00 44 43 7f 00 00
stack at sp + 2 slots: 0x0 is NULL
stack at sp + 3 slots: 0x00007f435abeb110 is pointing into the stack for thread: 0x00007f433c001000
stack at sp + 4 slots: 0x00007f435abeb0f0 is pointing into the stack for thread: 0x00007f433c001000
stack at sp + 5 slots: 0x00007f43a5f210ea: <offset 0x00000000000030ea> in /usr/lib/jvm/java-11-openjdk-amd64/lib/libjimage.so at 0x00007f43a5f1e000
stack at sp + 6 slots: 0x000000000000000c is an unknown value
stack at sp + 7 slots: 0x00007f436c01f100 points into unknown readable memory: 00 00 00 00 00 00 00 00


---------------  P R O C E S S  ---------------

Threads class SMR info:
_java_thread_list=0x00007f433c001ff0, length=15, elements={
0x00007f43a0016000, 0x00007f43a0051000, 0x00007f43a0053000, 0x00007f43a0059800,
0x00007f43a005b800, 0x00007f43a005d800, 0x00007f43a005f800, 0x00007f43a00a3800,
0x00007f43a00ad000, 0x00007f43a0212800, 0x00007f43a027c800, 0x00007f43a042d800,
0x00007f43a042f000, 0x00007f4374001000, 0x00007f433c001000
}

Java Threads: ( => current thread )
  0x00007f43a0016000 JavaThread "main" [_thread_blocked, id=45, stack(0x00007f43a932e000,0x00007f43a942f000)]
  0x00007f43a0051000 JavaThread "Reference Handler" daemon [_thread_blocked, id=47, stack(0x00007f43a481f000,0x00007f43a4920000)]
  0x00007f43a0053000 JavaThread "Finalizer" daemon [_thread_blocked, id=48, stack(0x00007f43a471e000,0x00007f43a481f000)]
  0x00007f43a0059800 JavaThread "Signal Dispatcher" daemon [_thread_blocked, id=49, stack(0x00007f43a4482000,0x00007f43a4583000)]
  0x00007f43a005b800 JavaThread "C2 CompilerThread0" daemon [_thread_blocked, id=50, stack(0x00007f43a4381000,0x00007f43a4482000)]
  0x00007f43a005d800 JavaThread "C1 CompilerThread0" daemon [_thread_blocked, id=51, stack(0x00007f43a4280000,0x00007f43a4381000)]
  0x00007f43a005f800 JavaThread "Sweeper thread" daemon [_thread_blocked, id=52, stack(0x00007f43a417f000,0x00007f43a4280000)]
  0x00007f43a00a3800 JavaThread "Service Thread" daemon [_thread_blocked, id=53, stack(0x00007f43a407e000,0x00007f43a417f000)]
  0x00007f43a00ad000 JavaThread "Common-Cleaner" daemon [_thread_blocked, id=55, stack(0x00007f4388696000,0x00007f4388797000)]
  0x00007f43a0212800 JavaThread "Java2D Disposer" daemon [_thread_blocked, id=91, stack(0x00007f43601d6000,0x00007f43602d7000)]
  0x00007f43a027c800 JavaThread "AWT-XAWT" daemon [_thread_in_native, id=92, stack(0x00007f43600d5000,0x00007f43601d6000)]
  0x00007f43a042d800 JavaThread "AWT-Shutdown" [_thread_blocked, id=95, stack(0x00007f435a8eb000,0x00007f435a9ec000)]
  0x00007f43a042f000 JavaThread "AWT-EventQueue-0" [_thread_blocked, id=96, stack(0x00007f435a7ea000,0x00007f435a8eb000)]
  0x00007f4374001000 JavaThread "SIGTERM handler" daemon [_thread_blocked, id=307, stack(0x00007f435a9ec000,0x00007f435aaed000)]
=>0x00007f433c001000 JavaThread "XToolkt-Shutdown-Thread" [_thread_in_vm, id=308, stack(0x00007f435aaed000,0x00007f435abee000)]

Other Threads:
  0x00007f43a004e000 VMThread "VM Thread" [stack: 0x00007f43a4922000,0x00007f43a4a22000] [id=46]
  0x00007f43a00a6000 WatcherThread [stack: 0x00007f4388799000,0x00007f4388899000] [id=54]

Threads with active compile tasks:

VM state:not at safepoint (normal execution)

VM Mutex/Monitor currently owned by a thread: None

Heap address: 0x00000000f8000000, size: 128 MB, Compressed Oops mode: 32-bit
Narrow klass base: 0x0000000800000000, Narrow klass shift: 3
Compressed class space size: 1073741824 Address: 0x0000000840000000

Heap:
 def new generation   total 2432K, used 1480K [0x00000000f8000000, 0x00000000f82a0000, 0x00000000faaa0000)
  eden space 2176K,  56% used [0x00000000f8000000, 0x00000000f81321b0, 0x00000000f8220000)
  from space 256K,  99% used [0x00000000f8220000, 0x00000000f825fff8, 0x00000000f8260000)
  to   space 256K,   0% used [0x00000000f8260000, 0x00000000f8260000, 0x00000000f82a0000)
 tenured generation   total 5504K, used 3312K [0x00000000faaa0000, 0x00000000fb000000, 0x0000000100000000)
   the space 5504K,  60% used [0x00000000faaa0000, 0x00000000faddc3c0, 0x00000000faddc400, 0x00000000fb000000)
 Metaspace       used 10017K, capacity 10579K, committed 11008K, reserved 1058816K
  class space    used 1173K, capacity 1432K, committed 1536K, reserved 1048576K

Card table byte_map: [0x00007f43a92ed000,0x00007f43a932e000] _byte_map_base: 0x00007f43a8b2d000

Polling page: 0x00007f43a944b000

Metaspace:

Usage:
  Non-class:      8.93 MB capacity,     8.64 MB ( 97%) used,   249.55 KB (  3%) free+waste,    54.00 KB ( <1%) overhead. 
      Class:      1.40 MB capacity,     1.15 MB ( 82%) used,   227.89 KB ( 16%) free+waste,    30.31 KB (  2%) overhead. 
       Both:     10.33 MB capacity,     9.78 MB ( 95%) used,   477.44 KB (  5%) free+waste,    84.31 KB ( <1%) overhead. 

Virtual space:
  Non-class space:       10.00 MB reserved,       9.25 MB ( 92%) committed 
      Class space:        1.00 GB reserved,       1.50 MB ( <1%) committed 
             Both:        1.01 GB reserved,      10.75 MB (  1%) committed 

Chunk freelists:
   Non-Class:  93.00 KB
       Class:  8.00 KB
        Both:  101.00 KB

MaxMetaspaceSize: unlimited
CompressedClassSpaceSize: 1.00 GB

CodeHeap 'non-profiled nmethods': size=120036Kb used=354Kb max_used=354Kb free=119681Kb
 bounds [0x00007f4390360000, 0x00007f43905d0000, 0x00007f4397899000]
CodeHeap 'profiled nmethods': size=120032Kb used=1695Kb max_used=1695Kb free=118336Kb
 bounds [0x00007f4388e28000, 0x00007f4389098000, 0x00007f4390360000]
CodeHeap 'non-nmethods': size=5692Kb used=1250Kb max_used=1263Kb free=4442Kb
 bounds [0x00007f4388899000, 0x00007f4388b09000, 0x00007f4388e28000]
 total_blobs=1689 nmethods=1033 adapters=571
 compilation: enabled
              stopped_count=0, restarted_count=0
 full_count=0

Compilation events (20 events):
Event: 959.316 Thread 0x00007f43a005d800 1028       1       java.lang.Long::longValue (5 bytes)
Event: 959.317 Thread 0x00007f43a005d800 nmethod 1028 0x00007f43903b6090 code [0x00007f43903b6240, 0x00007f43903b6310]
Event: 1001.097 Thread 0x00007f43a005b800 1029       4       java.util.concurrent.locks.ReentrantLock$NonfairSync::tryAcquire (6 bytes)
Event: 1001.099 Thread 0x00007f43a005b800 nmethod 1029 0x00007f43903b6390 code [0x00007f43903b6540, 0x00007f43903b6698]
Event: 1023.960 Thread 0x00007f43a005b800 1030       4       java.util.concurrent.locks.AbstractQueuedSynchronizer::release (33 bytes)
Event: 1023.962 Thread 0x00007f43a005b800 nmethod 1030 0x00007f43903b6790 code [0x00007f43903b6960, 0x00007f43903b6b08]
Event: 1167.073 Thread 0x00007f43a005b800 1031       4       sun.awt.X11.XToolkit::getDisplay (20 bytes)
Event: 1167.073 Thread 0x00007f43a005b800 nmethod 1031 0x00007f43903b6c10 code [0x00007f43903b6da0, 0x00007f43903b6df8]
Event: 1807.264 Thread 0x00007f43a005b800 1032       4       sun.awt.SunToolkit::awtLock (7 bytes)
Event: 1807.268 Thread 0x00007f43a005b800 nmethod 1032 0x00007f43903b6e90 code [0x00007f43903b7080, 0x00007f43903b7288]
Event: 1808.770 Thread 0x00007f43a005b800 1033       4       sun.awt.SunToolkit::awtUnlock (7 bytes)
Event: 1808.773 Thread 0x00007f43a005b800 nmethod 1033 0x00007f43903b7490 code [0x00007f43903b7660, 0x00007f43903b77e8]
Event: 1889.446 Thread 0x00007f43a005b800 1034       4       jdk.internal.logger.AbstractLoggerWrapper::isLoggable (26 bytes)
Event: 1889.452 Thread 0x00007f43a005b800 nmethod 1034 0x00007f43903b7910 code [0x00007f43903b7b00, 0x00007f43903b8370]
Event: 1985.646 Thread 0x00007f43a005d800 1035       3       java.util.Vector$Itr::hasNext (20 bytes)
Event: 1985.647 Thread 0x00007f43a005d800 nmethod 1035 0x00007f4388fcf510 code [0x00007f4388fcf6c0, 0x00007f4388fcf850]
Event: 2532.566 Thread 0x00007f43a005b800 1036   !   4       sun.awt.X11.XToolkit::callTimeoutTasks (220 bytes)
Event: 2532.568 Thread 0x00007f43a005b800 nmethod 1036 0x00007f43903b8710 code [0x00007f43903b88c0, 0x00007f43903b89a8]
Event: 2539.672 Thread 0x00007f43a005d800 1037       3       java.lang.invoke.VarForm::getMemberName (21 bytes)
Event: 2539.672 Thread 0x00007f43a005d800 nmethod 1037 0x00007f4388fcf910 code [0x00007f4388fcfae0, 0x00007f4388fcfce0]

GC Heap History (12 events):
Event: 0.578 GC heap before
{Heap before GC invocations=0 (full 0):
 def new generation   total 2432K, used 2176K [0x00000000f8000000, 0x00000000f82a0000, 0x00000000faaa0000)
  eden space 2176K, 100% used [0x00000000f8000000, 0x00000000f8220000, 0x00000000f8220000)
  from space 256K,   0% used [0x00000000f8220000, 0x00000000f8220000, 0x00000000f8260000)
  to   space 256K,   0% used [0x00000000f8260000, 0x00000000f8260000, 0x00000000f82a0000)
 tenured generation   total 5504K, used 0K [0x00000000faaa0000, 0x00000000fb000000, 0x0000000100000000)
   the space 5504K,   0% used [0x00000000faaa0000, 0x00000000faaa0000, 0x00000000faaa0200, 0x00000000fb000000)
 Metaspace       used 1392K, capacity 4680K, committed 4864K, reserved 1056768K
  class space    used 152K, capacity 471K, committed 512K, reserved 1048576K
}
Event: 0.581 GC heap after
{Heap after GC invocations=1 (full 0):
 def new generation   total 2432K, used 256K [0x00000000f8000000, 0x00000000f82a0000, 0x00000000faaa0000)
  eden space 2176K,   0% used [0x00000000f8000000, 0x00000000f8000000, 0x00000000f8220000)
  from space 256K, 100% used [0x00000000f8260000, 0x00000000f82a0000, 0x00000000f82a0000)
  to   space 256K,   0% used [0x00000000f8220000, 0x00000000f8220000, 0x00000000f8260000)
 tenured generation   total 5504K, used 670K [0x00000000faaa0000, 0x00000000fb000000, 0x0000000100000000)
   the space 5504K,  12% used [0x00000000faaa0000, 0x00000000fab479b0, 0x00000000fab47a00, 0x00000000fb000000)
 Metaspace       used 1392K, capacity 4680K, committed 4864K, reserved 1056768K
  class space    used 152K, capacity 471K, committed 512K, reserved 1048576K
}
Event: 7.475 GC heap before
{Heap before GC invocations=1 (full 0):
 def new generation   total 2432K, used 2432K [0x00000000f8000000, 0x00000000f82a0000, 0x00000000faaa0000)
  eden space 2176K, 100% used [0x00000000f8000000, 0x00000000f8220000, 0x00000000f8220000)
  from space 256K, 100% used [0x00000000f8260000, 0x00000000f82a0000, 0x00000000f82a0000)
  to   space 256K,   0% used [0x00000000f8220000, 0x00000000f8220000, 0x00000000f8260000)
 tenured generation   total 5504K, used 670K [0x00000000faaa0000, 0x00000000fb000000, 0x0000000100000000)
   the space 5504K,  12% used [0x00000000faaa0000, 0x00000000fab479b0, 0x00000000fab47a00, 0x00000000fb000000)
 Metaspace       used 4075K, capacity 4902K, committed 4992K, reserved 1056768K
  class space    used 424K, capacity 553K, committed 640K, reserved 1048576K
}
Event: 7.480 GC heap after
{Heap after GC invocations=2 (full 0):
 def new generation   total 2432K, used 256K [0x00000000f8000000, 0x00000000f82a0000, 0x00000000faaa0000)
  eden space 2176K,   0% used [0x00000000f8000000, 0x00000000f8000000, 0x00000000f8220000)
  from space 256K, 100% used [0x00000000f8220000, 0x00000000f8260000, 0x00000000f8260000)
  to   space 256K,   0% used [0x00000000f8260000, 0x00000000f8260000, 0x00000000f82a0000)
 tenured generation   total 5504K, used 1140K [0x00000000faaa0000, 0x00000000fb000000, 0x0000000100000000)
   the space 5504K,  20% used [0x00000000faaa0000, 0x00000000fabbd310, 0x00000000fabbd400, 0x00000000fb000000)
 Metaspace       used 4075K, capacity 4902K, committed 4992K, reserved 1056768K
  class space    used 424K, capacity 553K, committed 640K, reserved 1048576K
}
Event: 8.074 GC heap before
{Heap before GC invocations=2 (full 0):
 def new generation   total 2432K, used 2432K [0x00000000f8000000, 0x00000000f82a0000, 0x00000000faaa0000)
  eden space 2176K, 100% used [0x00000000f8000000, 0x00000000f8220000, 0x00000000f8220000)
  from space 256K, 100% used [0x00000000f8220000, 0x00000000f8260000, 0x00000000f8260000)
  to   space 256K,   0% used [0x00000000f8260000, 0x00000000f8260000, 0x00000000f82a0000)
 tenured generation   total 5504K, used 1140K [0x00000000faaa0000, 0x00000000fb000000, 0x0000000100000000)
   the space 5504K,  20% used [0x00000000faaa0000, 0x00000000fabbd310, 0x00000000fabbd400, 0x00000000fb000000)
 Metaspace       used 5464K, capacity 5775K, committed 6016K, reserved 1056768K
  class space    used 625K, capacity 811K, committed 896K, reserved 1048576K
}
Event: 8.077 GC heap after
{Heap after GC invocations=3 (full 0):
 def new generation   total 2432K, used 256K [0x00000000f8000000, 0x00000000f82a0000, 0x00000000faaa0000)
  eden space 2176K,   0% used [0x00000000f8000000, 0x00000000f8000000, 0x00000000f8220000)
  from space 256K, 100% used [0x00000000f8260000, 0x00000000f82a0000, 0x00000000f82a0000)
  to   space 256K,   0% used [0x00000000f8220000, 0x00000000f8220000, 0x00000000f8260000)
 tenured generation   total 5504K, used 1582K [0x00000000faaa0000, 0x00000000fb000000, 0x0000000100000000)
   the space 5504K,  28% used [0x00000000faaa0000, 0x00000000fac2b9b8, 0x00000000fac2ba00, 0x00000000fb000000)
 Metaspace       used 5464K, capacity 5775K, committed 6016K, reserved 1056768K
  class space    used 625K, capacity 811K, committed 896K, reserved 1048576K
}
Event: 8.784 GC heap before
{Heap before GC invocations=3 (full 0):
 def new generation   total 2432K, used 2432K [0x00000000f8000000, 0x00000000f82a0000, 0x00000000faaa0000)
  eden space 2176K, 100% used [0x00000000f8000000, 0x00000000f8220000, 0x00000000f8220000)
  from space 256K, 100% used [0x00000000f8260000, 0x00000000f82a0000, 0x00000000f82a0000)
  to   space 256K,   0% used [0x00000000f8220000, 0x00000000f8220000, 0x00000000f8260000)
 tenured generation   total 5504K, used 1582K [0x00000000faaa0000, 0x00000000fb000000, 0x0000000100000000)
   the space 5504K,  28% used [0x00000000faaa0000, 0x00000000fac2b9b8, 0x00000000fac2ba00, 0x00000000fb000000)
 Metaspace       used 6679K, capacity 7074K, committed 7424K, reserved 1056768K
  class space    used 763K, capacity 944K, committed 1024K, reserved 1048576K
}
Event: 8.788 GC heap after
{Heap after GC invocations=4 (full 0):
 def new generation   total 2432K, used 82K [0x00000000f8000000, 0x00000000f82a0000, 0x00000000faaa0000)
  eden space 2176K,   0% used [0x00000000f8000000, 0x00000000f8000000, 0x00000000f8220000)
  from space 256K,  32% used [0x00000000f8220000, 0x00000000f8234b90, 0x00000000f8260000)
  to   space 256K,   0% used [0x00000000f8260000, 0x00000000f8260000, 0x00000000f82a0000)
 tenured generation   total 5504K, used 2669K [0x00000000faaa0000, 0x00000000fb000000, 0x0000000100000000)
   the space 5504K,  48% used [0x00000000faaa0000, 0x00000000fad3b630, 0x00000000fad3b800, 0x00000000fb000000)
 Metaspace       used 6679K, capacity 7074K, committed 7424K, reserved 1056768K
  class space    used 763K, capacity 944K, committed 1024K, reserved 1048576K
}
Event: 9.080 GC heap before
{Heap before GC invocations=4 (full 0):
 def new generation   total 2432K, used 2258K [0x00000000f8000000, 0x00000000f82a0000, 0x00000000faaa0000)
  eden space 2176K, 100% used [0x00000000f8000000, 0x00000000f8220000, 0x00000000f8220000)
  from space 256K,  32% used [0x00000000f8220000, 0x00000000f8234b90, 0x00000000f8260000)
  to   space 256K,   0% used [0x00000000f8260000, 0x00000000f8260000, 0x00000000f82a0000)
 tenured generation   total 5504K, used 2669K [0x00000000faaa0000, 0x00000000fb000000, 0x0000000100000000)
   the space 5504K,  48% used [0x00000000faaa0000, 0x00000000fad3b630, 0x00000000fad3b800, 0x00000000fb000000)
 Metaspace       used 7207K, capacity 7682K, committed 7808K, reserved 1056768K
  class space    used 845K, capacity 1065K, committed 1152K, reserved 1048576K
}
Event: 9.082 GC heap after
{Heap after GC invocations=5 (full 0):
 def new generation   total 2432K, used 256K [0x00000000f8000000, 0x00000000f82a0000, 0x00000000faaa0000)
  eden space 2176K,   0% used [0x00000000f8000000, 0x00000000f8000000, 0x00000000f8220000)
  from space 256K, 100% used [0x00000000f8260000, 0x00000000f82a0000, 0x00000000f82a0000)
  to   space 256K,   0% used [0x00000000f8220000, 0x00000000f8220000, 0x00000000f8260000)
 tenured generation   total 5504K, used 2707K [0x00000000faaa0000, 0x00000000fb000000, 0x0000000100000000)
   the space 5504K,  49% used [0x00000000faaa0000, 0x00000000fad44c68, 0x00000000fad44e00, 0x00000000fb000000)
 Metaspace       used 7207K, capacity 7682K, committed 7808K, reserved 1056768K
  class space    used 845K, capacity 1065K, committed 1152K, reserved 1048576K
}
Event: 9.479 GC heap before
{Heap before GC invocations=5 (full 0):
 def new generation   total 2432K, used 2431K [0x00000000f8000000, 0x00000000f82a0000, 0x00000000faaa0000)
  eden space 2176K,  99% used [0x00000000f8000000, 0x00000000f821ffd8, 0x00000000f8220000)
  from space 256K, 100% used [0x00000000f8260000, 0x00000000f82a0000, 0x00000000f82a0000)
  to   space 256K,   0% used [0x00000000f8220000, 0x00000000f8220000, 0x00000000f8260000)
 tenured generation   total 5504K, used 2707K [0x00000000faaa0000, 0x00000000fb000000, 0x0000000100000000)
   the space 5504K,  49% used [0x00000000faaa0000, 0x00000000fad44c68, 0x00000000fad44e00, 0x00000000fb000000)
 Metaspace       used 7614K, capacity 8138K, committed 8320K, reserved 1056768K
  class space    used 892K, capacity 1151K, committed 1152K, reserved 1048576K
}
Event: 9.483 GC heap after
{Heap after GC invocations=6 (full 0):
 def new generation   total 2432K, used 255K [0x00000000f8000000, 0x00000000f82a0000, 0x00000000faaa0000)
  eden space 2176K,   0% used [0x00000000f8000000, 0x00000000f8000000, 0x00000000f8220000)
  from space 256K,  99% used [0x00000000f8220000, 0x00000000f825fff8, 0x00000000f8260000)
  to   space 256K,   0% used [0x00000000f8260000, 0x00000000f8260000, 0x00000000f82a0000)
 tenured generation   total 5504K, used 3312K [0x00000000faaa0000, 0x00000000fb000000, 0x0000000100000000)
   the space 5504K,  60% used [0x00000000faaa0000, 0x00000000faddc3c0, 0x00000000faddc400, 0x00000000fb000000)
 Metaspace       used 7614K, capacity 8138K, committed 8320K, reserved 1056768K
  class space    used 892K, capacity 1151K, committed 1152K, reserved 1048576K
}

Deoptimization events (20 events):
Event: 8.384 Thread 0x00007f43a031f000 DEOPT PACKING pc=0x00007f4388f18ded sp=0x00007f435abec5d0
Event: 8.384 Thread 0x00007f43a031f000 DEOPT UNPACKING pc=0x00007f43888befba sp=0x00007f435abeba60 mode 0
Event: 8.385 Thread 0x00007f43a031f000 DEOPT PACKING pc=0x00007f4388f18ded sp=0x00007f435abec5d0
Event: 8.385 Thread 0x00007f43a031f000 DEOPT UNPACKING pc=0x00007f43888befba sp=0x00007f435abeba60 mode 0
Event: 8.386 Thread 0x00007f43a031f000 DEOPT PACKING pc=0x00007f4388f18ded sp=0x00007f435abec5d0
Event: 8.386 Thread 0x00007f43a031f000 DEOPT UNPACKING pc=0x00007f43888befba sp=0x00007f435abeba60 mode 0
Event: 8.386 Thread 0x00007f43a031f000 DEOPT PACKING pc=0x00007f4388f18ded sp=0x00007f435abec5d0
Event: 8.386 Thread 0x00007f43a031f000 DEOPT UNPACKING pc=0x00007f43888befba sp=0x00007f435abeba60 mode 0
Event: 8.686 Thread 0x00007f43a0320800 Uncommon trap: trap_request=0xffffff4d fr.pc=0x00007f4390394f80 relative=0x00000000000010c0
Event: 8.686 Thread 0x00007f43a0320800 Uncommon trap: reason=unstable_if action=reinterpret pc=0x00007f4390394f80 method=sun.awt.image.PNGImageDecoder.filterRow([B[BIII)V @ 306 c2
Event: 8.686 Thread 0x00007f43a0320800 DEOPT PACKING pc=0x00007f4390394f80 sp=0x00007f435aaeb5e0
Event: 8.686 Thread 0x00007f43a0320800 DEOPT UNPACKING pc=0x00007f43888bf1a5 sp=0x00007f435aaeb560 mode 2
Event: 9.266 Thread 0x00007f43a0016000 Uncommon trap: trap_request=0xffffffcc fr.pc=0x00007f43903a0500 relative=0x00000000000002c0
Event: 9.266 Thread 0x00007f43a0016000 Uncommon trap: reason=intrinsic_or_type_checked_inlining action=make_not_entrant pc=0x00007f43903a0500 method=java.util.Arrays.copyOf([Ljava/lang/Object;ILjava/lang/Class;)[Ljava/lang/Object; @ 35 c2
Event: 9.266 Thread 0x00007f43a0016000 DEOPT PACKING pc=0x00007f43903a0500 sp=0x00007f43a9428610
Event: 9.266 Thread 0x00007f43a0016000 DEOPT UNPACKING pc=0x00007f43888bf1a5 sp=0x00007f43a94285b8 mode 2
Event: 9.770 Thread 0x00007f43a0016000 Uncommon trap: trap_request=0xffffff4d fr.pc=0x00007f439038a2f8 relative=0x0000000000000058
Event: 9.770 Thread 0x00007f43a0016000 Uncommon trap: reason=unstable_if action=reinterpret pc=0x00007f439038a2f8 method=java.util.Objects.equals(Ljava/lang/Object;Ljava/lang/Object;)Z @ 6 c2
Event: 9.770 Thread 0x00007f43a0016000 DEOPT PACKING pc=0x00007f439038a2f8 sp=0x00007f43a942cb60
Event: 9.770 Thread 0x00007f43a0016000 DEOPT UNPACKING pc=0x00007f43888bf1a5 sp=0x00007f43a942cb20 mode 2

Classes redefined (0 events):
No events

Internal exceptions (20 events):
Event: 7.705 Thread 0x00007f43a0016000 Exception <a 'java/lang/NoSuchMethodError'{0x00000000f806d310}: 'java.lang.Object java.lang.invoke.DirectMethodHandle$Holder.invokeSpecial(java.lang.Object, java.lang.Object, int, java.lang.Object, java.lang.Object, java.lang.Object)'> (0x00000000f806d310) thrown at [./src/hotspot/share/interpreter/linkResolver.cpp, line 773]
Event: 7.721 Thread 0x00007f43a0016000 Exception <a 'java/lang/NoSuchMethodError'{0x00000000f8085230}: 'java.lang.Object java.lang.invoke.DirectMethodHandle$Holder.invokeStatic(java.lang.Object, int, java.lang.Object)'> (0x00000000f8085230) thrown at [./src/hotspot/share/interpreter/linkResolver.cpp, line 773]
Event: 7.878 Thread 0x00007f43a0016000 Exception <a 'java/lang/NoSuchMethodError'{0x00000000f817cb60}: 'java.lang.Object java.lang.invoke.Invokers$Holder.linkToTargetMethod(java.lang.Object, int, java.lang.Object)'> (0x00000000f817cb60) thrown at [./src/hotspot/share/interpreter/linkResolver.cpp, line 773]
Event: 7.889 Thread 0x00007f43a0016000 Exception <a 'java/lang/ClassNotFoundException'{0x00000000f8184ed0}: com/sun/swing/internal/plaf/metal/resources/spi/metalProvider> (0x00000000f8184ed0) thrown at [./src/hotspot/share/classfile/systemDictionary.cpp, line 231]
Event: 7.891 Thread 0x00007f43a0016000 Exception <a 'java/lang/ClassNotFoundException'{0x00000000f8189778}: com/sun/swing/internal/plaf/basic/resources/spi/basicProvider> (0x00000000f8189778) thrown at [./src/hotspot/share/classfile/systemDictionary.cpp, line 231]
Event: 8.081 Thread 0x00007f43a0016000 Exception <a 'java/lang/NullPointerException'{0x00000000f8003c80}> (0x00000000f8003c80) thrown at [./src/hotspot/share/interpreter/linkResolver.cpp, line 1358]
Event: 8.084 Thread 0x00007f43a0016000 Exception <a 'java/lang/NullPointerException'{0x00000000f800a510}> (0x00000000f800a510) thrown at [./src/hotspot/share/interpreter/linkResolver.cpp, line 1358]
Event: 8.967 Thread 0x00007f43a0016000 Exception <a 'java/lang/NoSuchMethodError'{0x00000000f80e9030}: 'java.lang.Object java.lang.invoke.DirectMethodHandle$Holder.invokeSpecial(java.lang.Object, java.lang.Object, int, int, java.lang.Object, java.lang.Object, java.lang.Object, java.lang.Object, java.lang.Object)'> (0x00000000f80e9030) thrown at [./src/hotspot/share/interpreter/linkResolver.cpp, line 773]
Event: 8.968 Thread 0x00007f43a0016000 Exception <a 'java/lang/NoSuchMethodError'{0x00000000f80ecfb0}: 'java.lang.Object java.lang.invoke.DelegatingMethodHandle$Holder.reinvoke_L(java.lang.Object, int, int, java.lang.Object, java.lang.Object, java.lang.Object, java.lang.Object, java.lang.Object)'> (0x00000000f80ecfb0) thrown at [./src/hotspot/share/interpreter/linkResolver.cpp, line 773]
Event: 8.982 Thread 0x00007f43a0016000 Exception <a 'java/lang/NoSuchMethodError'{0x00000000f818fcb0}: 'java.lang.Object java.lang.invoke.Invokers$Holder.linkToTargetMethod(java.lang.Object, java.lang.Object, java.lang.Object, java.lang.Object, java.lang.Object, java.lang.Object)'> (0x00000000f818fcb0) thrown at [./src/hotspot/share/interpreter/linkResolver.cpp, line 773]
Event: 9.077 Thread 0x00007f43a0016000 Exception <a 'java/lang/NoSuchMethodError'{0x00000000f81fe868}: 'java.lang.Object java.lang.invoke.DirectMethodHandle$Holder.invokeSpecial(java.lang.Object, java.lang.Object, int, int, java.lang.Object, java.lang.Object, java.lang.Object, java.lang.Object)'> (0x00000000f81fe868) thrown at [./src/hotspot/share/interpreter/linkResolver.cpp, line 773]
Event: 9.078 Thread 0x00007f43a0016000 Exception <a 'java/lang/NoSuchMethodError'{0x00000000f8202488}: 'java.lang.Object java.lang.invoke.DelegatingMethodHandle$Holder.reinvoke_L(java.lang.Object, int, int, java.lang.Object, java.lang.Object, java.lang.Object, java.lang.Object)'> (0x00000000f8202488) thrown at [./src/hotspot/share/interpreter/linkResolver.cpp, line 773]
Event: 9.205 Thread 0x00007f43a0016000 Exception <a 'java/lang/NoSuchMethodError'{0x00000000f80e3578}: 'java.lang.Object java.lang.invoke.DirectMethodHandle$Holder.invokeStatic(java.lang.Object, java.lang.Object, java.lang.Object, java.lang.Object, java.lang.Object, java.lang.Object, java.lang.Object, java.lang.Object, java.lang.Object, java.lang.Object, java.lang.Object, java.lang.Object, java.lang.Object, int)'> (0x00000000f80e3578) thrown at [./src/hotspot/share/interpreter/linkResolver.cpp, line 773]
Event: 9.268 Thread 0x00007f43a0016000 Exception <a 'java/lang/NoSuchMethodError'{0x00000000f80effa0}: 'java.lang.Object java.lang.invoke.DirectMethodHandle$Holder.invokeStatic(java.lang.Object, java.lang.Object, java.lang.Object, java.lang.Object, java.lang.Object, java.lang.Object, java.lang.Object, java.lang.Object, java.lang.Object, java.lang.Object, java.lang.Object, java.lang.Object, java.lang.Object, int, int)'> (0x00000000f80effa0) thrown at [./src/hotspot/share/interpreter/linkResolver.cpp, line 773]
Event: 9.269 Thread 0x00007f43a0016000 Exception <a 'java/lang/NoSuchMethodError'{0x00000000f80fcd78}: 'java.lang.Object java.lang.invoke.DirectMethodHandle$Holder.invokeStatic(java.lang.Object, java.lang.Object, java.lang.Object, java.lang.Object, java.lang.Object, java.lang.Object, java.lang.Object, java.lang.Object, java.lang.Object, java.lang.Object, java.lang.Object, java.lang.Object, java.lang.Object, int, int, java.lang.Object)'> (0x00000000f80fcd78) thrown at [./src/hotspot/share/interpreter/linkResolver.cpp, line 773]
Event: 9.478 Thread 0x00007f43a0016000 Exception <a 'java/lang/NoSuchMethodError'{0x00000000f8203728}: 'java.lang.Object java.lang.invoke.DirectMethodHandle$Holder.invokeStatic(java.lang.Object, java.lang.Object, java.lang.Object, java.lang.Object, java.lang.Object, java.lang.Object, java.lang.Object, java.lang.Object, java.lang.Object, java.lang.Object, java.lang.Object, int)'> (0x00000000f8203728) thrown at [./src/hotspot/share/interpreter/linkResolver.cpp, line 773]
Event: 9.484 Thread 0x00007f43a0016000 Exception <a 'java/lang/NoSuchMethodError'{0x00000000f8001e70}: 'java.lang.Object java.lang.invoke.DirectMethodHandle$Holder.invokeStatic(java.lang.Object, java.lang.Object, java.lang.Object, java.lang.Object, java.lang.Object, java.lang.Object, java.lang.Object, java.lang.Object, java.lang.Object, java.lang.Object, java.lang.Object, int, int)'> (0x00000000f8001e70) thrown at [./src/hotspot/share/interpreter/linkResolver.cpp, line 773]
Event: 9.486 Thread 0x00007f43a0016000 Exception <a 'java/lang/NoSuchMethodError'{0x00000000f8021208}: 'java.lang.Object java.lang.invoke.DirectMethodHandle$Holder.invokeStatic(java.lang.Object, java.lang.Object, java.lang.Object, java.lang.Object, java.lang.Object, java.lang.Object, java.lang.Object, java.lang.Object, java.lang.Object, java.lang.Object, java.lang.Object, int, int, java.lang.Object)'> (0x00000000f8021208) thrown at [./src/hotspot/share/interpreter/linkResolver.cpp, line 773]
Event: 9.566 Thread 0x00007f43a0016000 Exception <a 'java/lang/NoSuchMethodError'{0x00000000f8041980}: 'java.lang.Object java.lang.invoke.DirectMethodHandle$Holder.invokeStatic(java.lang.Object, java.lang.Object, java.lang.Object, java.lang.Object, java.lang.Object, java.lang.Object, java.lang.Object, java.lang.Object, java.lang.Object, java.lang.Object, java.lang.Object, int, int, java.lang.Object, java.lang.Object)'> (0x00000000f8041980) thrown at [./src/hotspot/share/interpreter/linkResolver.cpp, line 773]
Event: 9.787 Thread 0x00007f43a0016000 Exception <a 'java/lang/NoSuchMethodError'{0x00000000f80742b8}: 'void java.lang.invoke.DirectMethodHandle$Holder.invokeStaticInit(java.lang.Object)'> (0x00000000f80742b8) thrown at [./src/hotspot/share/interpreter/linkResolver.cpp, line 773]

Events (20 events):
Event: 22.041 Executing VM operation: RevokeBias done
Event: 36.397 Loaded shared library /usr/lib/jvm/java-11-openjdk-amd64/lib/libawt_xawt.so
Event: 120.214 Loaded shared library /usr/lib/jvm/java-11-openjdk-amd64/lib/libawt_xawt.so
Event: 617.068 loading class java/awt/LightweightDispatcher$2
Event: 617.068 loading class java/awt/LightweightDispatcher$2 done
Event: 2539.673 loading class sun/awt/X11/XMotionEvent
Event: 2539.693 loading class sun/awt/X11/XMotionEvent done
Event: 2539.769 loading class java/awt/event/MouseWheelEvent
Event: 2539.867 loading class java/awt/event/MouseWheelEvent done
Event: 2540.767 loading class jdk/internal/misc/Signal$1
Event: 2540.767 loading class jdk/internal/misc/Signal$1 done
Event: 2540.771 Thread 0x00007f4374001000 Thread added: 0x00007f4374001000
Event: 2540.771 Protecting memory [0x00007f435a9ec000,0x00007f435a9f0000] with protection modes 0
Event: 2540.772 Executing VM operation: RevokeBias
Event: 2540.772 Executing VM operation: RevokeBias done
Event: 2540.772 Executing VM operation: RevokeBias
Event: 2540.772 Executing VM operation: RevokeBias done
Event: 2540.866 Thread 0x00007f433c001000 Thread added: 0x00007f433c001000
Event: 2540.868 Protecting memory [0x00007f435aaed000,0x00007f435aaf1000] with protection modes 0
Event: 2540.868 loading class sun/awt/X11/XSystemTrayPeer


Dynamic libraries:
f8000000-f82a0000 rw-p 00000000 00:00 0 
f82a0000-faaa0000 ---p 00000000 00:00 0 
faaa0000-fb000000 rw-p 00000000 00:00 0 
fb000000-100000000 ---p 00000000 00:00 0 
800000000-800002000 rwxp 00001000 08:01 10082974                         /usr/lib/jvm/java-11-openjdk-amd64/lib/server/classes.jsa
800002000-8003b8000 rw-p 00003000 08:01 10082974                         /usr/lib/jvm/java-11-openjdk-amd64/lib/server/classes.jsa
8003b8000-800a94000 r--p 003b9000 08:01 10082974                         /usr/lib/jvm/java-11-openjdk-amd64/lib/server/classes.jsa
800a94000-800a95000 rw-p 00a95000 08:01 10082974                         /usr/lib/jvm/java-11-openjdk-amd64/lib/server/classes.jsa
800a95000-8010a2000 r--p 00a96000 08:01 10082974                         /usr/lib/jvm/java-11-openjdk-amd64/lib/server/classes.jsa
840000000-840180000 rw-p 00000000 00:00 0 
840180000-880000000 ---p 00000000 00:00 0 
56510f552000-56510f553000 r-xp 00000000 08:01 10082604                   /usr/lib/jvm/java-11-openjdk-amd64/bin/java
56510f753000-56510f754000 r--p 00001000 08:01 10082604                   /usr/lib/jvm/java-11-openjdk-amd64/bin/java
56510f754000-56510f755000 rw-p 00002000 08:01 10082604                   /usr/lib/jvm/java-11-openjdk-amd64/bin/java
565111651000-565111672000 rw-p 00000000 00:00 0                          [heap]
7f4334000000-7f433419c000 rw-p 00000000 00:00 0 
7f433419c000-7f4338000000 ---p 00000000 00:00 0 
7f433c000000-7f433c021000 rw-p 00000000 00:00 0 
7f433c021000-7f4340000000 ---p 00000000 00:00 0 
7f4340000000-7f4340021000 rw-p 00000000 00:00 0 
7f4340021000-7f4344000000 ---p 00000000 00:00 0 
7f4344000000-7f4344021000 rw-p 00000000 00:00 0 
7f4344021000-7f4348000000 ---p 00000000 00:00 0 
7f4348000000-7f4348036000 rw-p 00000000 00:00 0 
7f4348036000-7f434c000000 ---p 00000000 00:00 0 
7f434c000000-7f434c021000 rw-p 00000000 00:00 0 
7f434c021000-7f4350000000 ---p 00000000 00:00 0 
7f4350000000-7f4350021000 rw-p 00000000 00:00 0 
7f4350021000-7f4354000000 ---p 00000000 00:00 0 
7f4354000000-7f4354021000 rw-p 00000000 00:00 0 
7f4354021000-7f4358000000 ---p 00000000 00:00 0 
7f435a5ea000-7f435a72a000 rw-p 00000000 00:00 0 
7f435a72a000-7f435a7ea000 ---p 00000000 00:00 0 
7f435a7ea000-7f435a7ee000 ---p 00000000 00:00 0 
7f435a7ee000-7f435a8eb000 rw-p 00000000 00:00 0 
7f435a8eb000-7f435a8ef000 ---p 00000000 00:00 0 
7f435a8ef000-7f435a9ec000 rw-p 00000000 00:00 0 
7f435a9ec000-7f435a9f0000 ---p 00000000 00:00 0 
7f435a9f0000-7f435aaed000 rw-p 00000000 00:00 0 
7f435aaed000-7f435aaf1000 ---p 00000000 00:00 0 
7f435aaf1000-7f435abee000 rw-p 00000000 00:00 0 
7f435abee000-7f435abf3000 r-xp 00000000 08:01 9821018                    /usr/lib/x86_64-linux-gnu/libXfixes.so.3.1.0
7f435abf3000-7f435adf2000 ---p 00005000 08:01 9821018                    /usr/lib/x86_64-linux-gnu/libXfixes.so.3.1.0
7f435adf2000-7f435adf3000 r--p 00004000 08:01 9821018                    /usr/lib/x86_64-linux-gnu/libXfixes.so.3.1.0
7f435adf3000-7f435adf4000 rw-p 00005000 08:01 9821018                    /usr/lib/x86_64-linux-gnu/libXfixes.so.3.1.0
7f435adf4000-7f435adfd000 r-xp 00000000 08:01 9821010                    /usr/lib/x86_64-linux-gnu/libXcursor.so.1.0.2
7f435adfd000-7f435affc000 ---p 00009000 08:01 9821010                    /usr/lib/x86_64-linux-gnu/libXcursor.so.1.0.2
7f435affc000-7f435affd000 r--p 00008000 08:01 9821010                    /usr/lib/x86_64-linux-gnu/libXcursor.so.1.0.2
7f435affd000-7f435affe000 rw-p 00009000 08:01 9821010                    /usr/lib/x86_64-linux-gnu/libXcursor.so.1.0.2
7f435affe000-7f435afff000 ---p 00000000 00:00 0 
7f435afff000-7f435b7ff000 rw-p 00000000 00:00 0 
7f435b7ff000-7f435b800000 ---p 00000000 00:00 0 
7f435b800000-7f435c000000 rw-p 00000000 00:00 0 
7f435c000000-7f435c021000 rw-p 00000000 00:00 0 
7f435c021000-7f4360000000 ---p 00000000 00:00 0 
7f43600d5000-7f43600d9000 ---p 00000000 00:00 0 
7f43600d9000-7f43601d6000 rw-p 00000000 00:00 0 
7f43601d6000-7f43601da000 ---p 00000000 00:00 0 
7f43601da000-7f43602d7000 rw-p 00000000 00:00 0 
7f43602d7000-7f43602e3000 r-xp 00000000 08:01 9820764                    /usr/lib/x86_64-linux-gnu/gio/modules/libdconfsettings.so
7f43602e3000-7f43604e2000 ---p 0000c000 08:01 9820764                    /usr/lib/x86_64-linux-gnu/gio/modules/libdconfsettings.so
7f43604e2000-7f43604e3000 r--p 0000b000 08:01 9820764                    /usr/lib/x86_64-linux-gnu/gio/modules/libdconfsettings.so
7f43604e3000-7f43604e4000 rw-p 0000c000 08:01 9820764                    /usr/lib/x86_64-linux-gnu/gio/modules/libdconfsettings.so
7f43604e4000-7f43604ea000 r-xp 00000000 08:01 6978383                    /lib/x86_64-linux-gnu/libuuid.so.1.3.0
7f43604ea000-7f43606e9000 ---p 00006000 08:01 6978383                    /lib/x86_64-linux-gnu/libuuid.so.1.3.0
7f43606e9000-7f43606ea000 r--p 00005000 08:01 6978383                    /lib/x86_64-linux-gnu/libuuid.so.1.3.0
7f43606ea000-7f43606eb000 rw-p 00006000 08:01 6978383                    /lib/x86_64-linux-gnu/libuuid.so.1.3.0
7f43606eb000-7f4360732000 r-xp 00000000 08:01 6978293                    /lib/x86_64-linux-gnu/libblkid.so.1.1.0
7f4360732000-7f4360932000 ---p 00047000 08:01 6978293                    /lib/x86_64-linux-gnu/libblkid.so.1.1.0
7f4360932000-7f4360936000 r--p 00047000 08:01 6978293                    /lib/x86_64-linux-gnu/libblkid.so.1.1.0
7f4360936000-7f4360937000 rw-p 0004b000 08:01 6978293                    /lib/x86_64-linux-gnu/libblkid.so.1.1.0
7f4360937000-7f4360938000 rw-p 00000000 00:00 0 
7f4360938000-7f43609a8000 r-xp 00000000 08:01 6978355                    /lib/x86_64-linux-gnu/libpcre.so.3.13.3
7f43609a8000-7f4360ba8000 ---p 00070000 08:01 6978355                    /lib/x86_64-linux-gnu/libpcre.so.3.13.3
7f4360ba8000-7f4360ba9000 r--p 00070000 08:01 6978355                    /lib/x86_64-linux-gnu/libpcre.so.3.13.3
7f4360ba9000-7f4360baa000 rw-p 00071000 08:01 6978355                    /lib/x86_64-linux-gnu/libpcre.so.3.13.3
7f4360baa000-7f4360bb1000 r-xp 00000000 08:01 7239231                    /usr/lib/x86_64-linux-gnu/libffi.so.6.0.4
7f4360bb1000-7f4360db0000 ---p 00007000 08:01 7239231                    /usr/lib/x86_64-linux-gnu/libffi.so.6.0.4
7f4360db0000-7f4360db1000 r--p 00006000 08:01 7239231                    /usr/lib/x86_64-linux-gnu/libffi.so.6.0.4
7f4360db1000-7f4360db2000 rw-p 00007000 08:01 7239231                    /usr/lib/x86_64-linux-gnu/libffi.so.6.0.4
7f4360db2000-7f4360e03000 r-xp 00000000 08:01 6978326                    /lib/x86_64-linux-gnu/libmount.so.1.1.0
7f4360e03000-7f4361002000 ---p 00051000 08:01 6978326                    /lib/x86_64-linux-gnu/libmount.so.1.1.0
7f4361002000-7f4361004000 r--p 00050000 08:01 6978326                    /lib/x86_64-linux-gnu/libmount.so.1.1.0
7f4361004000-7f4361005000 rw-p 00052000 08:01 6978326                    /lib/x86_64-linux-gnu/libmount.so.1.1.0
7f4361005000-7f4361006000 rw-p 00000000 00:00 0 
7f4361006000-7f436101d000 r-xp 00000000 08:01 9566948                    /lib/x86_64-linux-gnu/libresolv-2.27.so
7f436101d000-7f436121c000 ---p 00017000 08:01 9566948                    /lib/x86_64-linux-gnu/libresolv-2.27.so
7f436121c000-7f436121d000 r--p 00016000 08:01 9566948                    /lib/x86_64-linux-gnu/libresolv-2.27.so
7f436121d000-7f436121e000 rw-p 00017000 08:01 9566948                    /lib/x86_64-linux-gnu/libresolv-2.27.so
7f436121e000-7f4361220000 rw-p 00000000 00:00 0 
7f4361220000-7f4361245000 r-xp 00000000 08:01 6978366                    /lib/x86_64-linux-gnu/libselinux.so.1
7f4361245000-7f4361444000 ---p 00025000 08:01 6978366                    /lib/x86_64-linux-gnu/libselinux.so.1
7f4361444000-7f4361445000 r--p 00024000 08:01 6978366                    /lib/x86_64-linux-gnu/libselinux.so.1
7f4361445000-7f4361446000 rw-p 00025000 08:01 6978366                    /lib/x86_64-linux-gnu/libselinux.so.1
7f4361446000-7f4361448000 rw-p 00000000 00:00 0 
7f4361448000-7f436155c000 r-xp 00000000 08:01 9821398                    /usr/lib/x86_64-linux-gnu/libglib-2.0.so.0.5600.4
7f436155c000-7f436175c000 ---p 00114000 08:01 9821398                    /usr/lib/x86_64-linux-gnu/libglib-2.0.so.0.5600.4
7f436175c000-7f436175d000 r--p 00114000 08:01 9821398                    /usr/lib/x86_64-linux-gnu/libglib-2.0.so.0.5600.4
7f436175d000-7f436175e000 rw-p 00115000 08:01 9821398                    /usr/lib/x86_64-linux-gnu/libglib-2.0.so.0.5600.4
7f436175e000-7f436175f000 rw-p 00000000 00:00 0 
7f436175f000-7f4361762000 r-xp 00000000 08:01 9821404                    /usr/lib/x86_64-linux-gnu/libgmodule-2.0.so.0.5600.4
7f4361762000-7f4361961000 ---p 00003000 08:01 9821404                    /usr/lib/x86_64-linux-gnu/libgmodule-2.0.so.0.5600.4
7f4361961000-7f4361962000 r--p 00002000 08:01 9821404                    /usr/lib/x86_64-linux-gnu/libgmodule-2.0.so.0.5600.4
7f4361962000-7f4361963000 rw-p 00003000 08:01 9821404                    /usr/lib/x86_64-linux-gnu/libgmodule-2.0.so.0.5600.4
7f4361963000-7f43619b5000 r-xp 00000000 08:01 9821408                    /usr/lib/x86_64-linux-gnu/libgobject-2.0.so.0.5600.4
7f43619b5000-7f4361bb5000 ---p 00052000 08:01 9821408                    /usr/lib/x86_64-linux-gnu/libgobject-2.0.so.0.5600.4
7f4361bb5000-7f4361bb6000 r--p 00052000 08:01 9821408                    /usr/lib/x86_64-linux-gnu/libgobject-2.0.so.0.5600.4
7f4361bb6000-7f4361bb7000 rw-p 00053000 08:01 9821408                    /usr/lib/x86_64-linux-gnu/libgobject-2.0.so.0.5600.4
7f4361bb7000-7f4361d4c000 r-xp 00000000 08:01 9821390                    /usr/lib/x86_64-linux-gnu/libgio-2.0.so.0.5600.4
7f4361d4c000-7f4361f4c000 ---p 00195000 08:01 9821390                    /usr/lib/x86_64-linux-gnu/libgio-2.0.so.0.5600.4
7f4361f4c000-7f4361f53000 r--p 00195000 08:01 9821390                    /usr/lib/x86_64-linux-gnu/libgio-2.0.so.0.5600.4
7f4361f53000-7f4361f54000 rw-p 0019c000 08:01 9821390                    /usr/lib/x86_64-linux-gnu/libgio-2.0.so.0.5600.4
7f4361f54000-7f4361f56000 rw-p 00000000 00:00 0 
7f4361f56000-7f4361f60000 r-xp 00000000 08:01 9821034                    /usr/lib/x86_64-linux-gnu/libXrandr.so.2.2.0
7f4361f60000-7f436215f000 ---p 0000a000 08:01 9821034                    /usr/lib/x86_64-linux-gnu/libXrandr.so.2.2.0
7f436215f000-7f4362160000 r--p 00009000 08:01 9821034                    /usr/lib/x86_64-linux-gnu/libXrandr.so.2.2.0
7f4362160000-7f4362161000 rw-p 0000a000 08:01 9821034                    /usr/lib/x86_64-linux-gnu/libXrandr.so.2.2.0
7f4362161000-7f4362192000 r-xp 00000000 08:01 9821697                    /usr/lib/x86_64-linux-gnu/libpng16.so.16.34.0
7f4362192000-7f4362391000 ---p 00031000 08:01 9821697                    /usr/lib/x86_64-linux-gnu/libpng16.so.16.34.0
7f4362391000-7f4362392000 r--p 00030000 08:01 9821697                    /usr/lib/x86_64-linux-gnu/libpng16.so.16.34.0
7f4362392000-7f4362393000 rw-p 00031000 08:01 9821697                    /usr/lib/x86_64-linux-gnu/libpng16.so.16.34.0
7f4362393000-7f4362440000 r-xp 00000000 08:01 9821371                    /usr/lib/x86_64-linux-gnu/libfreetype.so.6.15.0
7f4362440000-7f436263f000 ---p 000ad000 08:01 9821371                    /usr/lib/x86_64-linux-gnu/libfreetype.so.6.15.0
7f436263f000-7f4362646000 r--p 000ac000 08:01 9821371                    /usr/lib/x86_64-linux-gnu/libfreetype.so.6.15.0
7f4362646000-7f4362647000 rw-p 000b3000 08:01 9821371                    /usr/lib/x86_64-linux-gnu/libfreetype.so.6.15.0
7f4362647000-7f436277b000 r-xp 00000000 08:01 10082935                   /usr/lib/jvm/java-11-openjdk-amd64/lib/libfontmanager.so
7f436277b000-7f436297b000 ---p 00134000 08:01 10082935                   /usr/lib/jvm/java-11-openjdk-amd64/lib/libfontmanager.so
7f436297b000-7f436297c000 r--p 00134000 08:01 10082935                   /usr/lib/jvm/java-11-openjdk-amd64/lib/libfontmanager.so
7f436297c000-7f436297d000 rw-p 00135000 08:01 10082935                   /usr/lib/jvm/java-11-openjdk-amd64/lib/libfontmanager.so
7f436297d000-7f4362980000 rw-p 00000000 00:00 0 
7f4362980000-7f4362993000 r-xp 00000000 08:01 9566901                    /lib/x86_64-linux-gnu/libbsd.so.0.8.7
7f4362993000-7f4362b92000 ---p 00013000 08:01 9566901                    /lib/x86_64-linux-gnu/libbsd.so.0.8.7
7f4362b92000-7f4362b93000 r--p 00012000 08:01 9566901                    /lib/x86_64-linux-gnu/libbsd.so.0.8.7
7f4362b93000-7f4362b94000 rw-p 00013000 08:01 9566901                    /lib/x86_64-linux-gnu/libbsd.so.0.8.7
7f4362b94000-7f4362b95000 rw-p 00000000 00:00 0 
7f4362b95000-7f4362b9a000 r-xp 00000000 08:01 9821014                    /usr/lib/x86_64-linux-gnu/libXdmcp.so.6.0.0
7f4362b9a000-7f4362d99000 ---p 00005000 08:01 9821014                    /usr/lib/x86_64-linux-gnu/libXdmcp.so.6.0.0
7f4362d99000-7f4362d9a000 r--p 00004000 08:01 9821014                    /usr/lib/x86_64-linux-gnu/libXdmcp.so.6.0.0
7f4362d9a000-7f4362d9b000 rw-p 00005000 08:01 9821014                    /usr/lib/x86_64-linux-gnu/libXdmcp.so.6.0.0
7f4362d9b000-7f4362d9d000 r-xp 00000000 08:01 9821003                    /usr/lib/x86_64-linux-gnu/libXau.so.6.0.0
7f4362d9d000-7f4362f9d000 ---p 00002000 08:01 9821003                    /usr/lib/x86_64-linux-gnu/libXau.so.6.0.0
7f4362f9d000-7f4362f9e000 r--p 00002000 08:01 9821003                    /usr/lib/x86_64-linux-gnu/libXau.so.6.0.0
7f4362f9e000-7f4362f9f000 rw-p 00003000 08:01 9821003                    /usr/lib/x86_64-linux-gnu/libXau.so.6.0.0
7f4362f9f000-7f4362fc5000 r-xp 00000000 08:01 9821900                    /usr/lib/x86_64-linux-gnu/libxcb.so.1.1.0
7f4362fc5000-7f43631c5000 ---p 00026000 08:01 9821900                    /usr/lib/x86_64-linux-gnu/libxcb.so.1.1.0
7f43631c5000-7f43631c6000 r--p 00026000 08:01 9821900                    /usr/lib/x86_64-linux-gnu/libxcb.so.1.1.0
7f43631c6000-7f43631c7000 rw-p 00027000 08:01 9821900                    /usr/lib/x86_64-linux-gnu/libxcb.so.1.1.0
7f43631c7000-7f43631d6000 r-xp 00000000 08:01 9821024                    /usr/lib/x86_64-linux-gnu/libXi.so.6.1.0
7f43631d6000-7f43633d5000 ---p 0000f000 08:01 9821024                    /usr/lib/x86_64-linux-gnu/libXi.so.6.1.0
7f43633d5000-7f43633d6000 r--p 0000e000 08:01 9821024                    /usr/lib/x86_64-linux-gnu/libXi.so.6.1.0
7f43633d6000-7f43633d7000 rw-p 0000f000 08:01 9821024                    /usr/lib/x86_64-linux-gnu/libXi.so.6.1.0
7f43633d7000-7f43633dc000 r-xp 00000000 08:01 9821042                    /usr/lib/x86_64-linux-gnu/libXtst.so.6.1.0
7f43633dc000-7f43635db000 ---p 00005000 08:01 9821042                    /usr/lib/x86_64-linux-gnu/libXtst.so.6.1.0
7f43635db000-7f43635dc000 r--p 00004000 08:01 9821042                    /usr/lib/x86_64-linux-gnu/libXtst.so.6.1.0
7f43635dc000-7f43635dd000 rw-p 00005000 08:01 9821042                    /usr/lib/x86_64-linux-gnu/libXtst.so.6.1.0
7f43635dd000-7f43635e6000 r-xp 00000000 08:01 9821036                    /usr/lib/x86_64-linux-gnu/libXrender.so.1.3.0
7f43635e6000-7f43637e5000 ---p 00009000 08:01 9821036                    /usr/lib/x86_64-linux-gnu/libXrender.so.1.3.0
7f43637e5000-7f43637e6000 r--p 00008000 08:01 9821036                    /usr/lib/x86_64-linux-gnu/libXrender.so.1.3.0
7f43637e6000-7f43637e7000 rw-p 00009000 08:01 9821036                    /usr/lib/x86_64-linux-gnu/libXrender.so.1.3.0
7f43637e7000-7f436391a000 r-xp 00000000 08:01 9821001                    /usr/lib/x86_64-linux-gnu/libX11.so.6.3.0
7f436391a000-7f4363b1a000 ---p 00133000 08:01 9821001                    /usr/lib/x86_64-linux-gnu/libX11.so.6.3.0
7f4363b1a000-7f4363b1b000 r--p 00133000 08:01 9821001                    /usr/lib/x86_64-linux-gnu/libX11.so.6.3.0
7f4363b1b000-7f4363b1f000 rw-p 00134000 08:01 9821001                    /usr/lib/x86_64-linux-gnu/libX11.so.6.3.0
7f4363b1f000-7f4363b30000 r-xp 00000000 08:01 9821016                    /usr/lib/x86_64-linux-gnu/libXext.so.6.4.0
7f4363b30000-7f4363d2f000 ---p 00011000 08:01 9821016                    /usr/lib/x86_64-linux-gnu/libXext.so.6.4.0
7f4363d2f000-7f4363d30000 r--p 00010000 08:01 9821016                    /usr/lib/x86_64-linux-gnu/libXext.so.6.4.0
7f4363d30000-7f4363d31000 rw-p 00011000 08:01 9821016                    /usr/lib/x86_64-linux-gnu/libXext.so.6.4.0
7f4363d31000-7f4363dcf000 r-xp 00000000 08:01 10082930                   /usr/lib/jvm/java-11-openjdk-amd64/lib/libawt.so
7f4363dcf000-7f4363fcf000 ---p 0009e000 08:01 10082930                   /usr/lib/jvm/java-11-openjdk-amd64/lib/libawt.so
7f4363fcf000-7f4363fd0000 r--p 0009e000 08:01 10082930                   /usr/lib/jvm/java-11-openjdk-amd64/lib/libawt.so
7f4363fd0000-7f4363fdb000 rw-p 0009f000 08:01 10082930                   /usr/lib/jvm/java-11-openjdk-amd64/lib/libawt.so
7f4363fdb000-7f4364000000 rw-p 00000000 00:00 0 
7f4364000000-7f4364021000 rw-p 00000000 00:00 0 
7f4364021000-7f4368000000 ---p 00000000 00:00 0 
7f4368000000-7f4368021000 rw-p 00000000 00:00 0 
7f4368021000-7f436c000000 ---p 00000000 00:00 0 
7f436c000000-7f436c207000 rw-p 00000000 00:00 0 
7f436c207000-7f4370000000 ---p 00000000 00:00 0 
7f4370000000-7f4370021000 rw-p 00000000 00:00 0 
7f4370021000-7f4374000000 ---p 00000000 00:00 0 
7f4374000000-7f4374021000 rw-p 00000000 00:00 0 
7f4374021000-7f4378000000 ---p 00000000 00:00 0 
7f4378000000-7f437883e000 rw-p 00000000 00:00 0 
7f437883e000-7f437c000000 ---p 00000000 00:00 0 
7f437c000000-7f437c021000 rw-p 00000000 00:00 0 
7f437c021000-7f4380000000 ---p 00000000 00:00 0 
7f4380000000-7f4380021000 rw-p 00000000 00:00 0 
7f4380021000-7f4384000000 ---p 00000000 00:00 0 
7f4384000000-7f4384021000 rw-p 00000000 00:00 0 
7f4384021000-7f4388000000 ---p 00000000 00:00 0 
7f438800a000-7f4388069000 r-xp 00000000 08:01 10082932                   /usr/lib/jvm/java-11-openjdk-amd64/lib/libawt_xawt.so
7f4388069000-7f4388269000 ---p 0005f000 08:01 10082932                   /usr/lib/jvm/java-11-openjdk-amd64/lib/libawt_xawt.so
7f4388269000-7f438826a000 r--p 0005f000 08:01 10082932                   /usr/lib/jvm/java-11-openjdk-amd64/lib/libawt_xawt.so
7f438826a000-7f438826c000 rw-p 00060000 08:01 10082932                   /usr/lib/jvm/java-11-openjdk-amd64/lib/libawt_xawt.so
7f438826c000-7f438826e000 rw-p 00000000 00:00 0 
7f438826e000-7f4388284000 r-xp 00000000 08:01 10082953                   /usr/lib/jvm/java-11-openjdk-amd64/lib/libnet.so
7f4388284000-7f4388483000 ---p 00016000 08:01 10082953                   /usr/lib/jvm/java-11-openjdk-amd64/lib/libnet.so
7f4388483000-7f4388484000 r--p 00015000 08:01 10082953                   /usr/lib/jvm/java-11-openjdk-amd64/lib/libnet.so
7f4388484000-7f4388485000 rw-p 00016000 08:01 10082953                   /usr/lib/jvm/java-11-openjdk-amd64/lib/libnet.so
7f4388485000-7f4388495000 r-xp 00000000 08:01 10082954                   /usr/lib/jvm/java-11-openjdk-amd64/lib/libnio.so
7f4388495000-7f4388694000 ---p 00010000 08:01 10082954                   /usr/lib/jvm/java-11-openjdk-amd64/lib/libnio.so
7f4388694000-7f4388695000 r--p 0000f000 08:01 10082954                   /usr/lib/jvm/java-11-openjdk-amd64/lib/libnio.so
7f4388695000-7f4388696000 rw-p 00010000 08:01 10082954                   /usr/lib/jvm/java-11-openjdk-amd64/lib/libnio.so
7f4388696000-7f438869a000 ---p 00000000 00:00 0 
7f438869a000-7f4388797000 rw-p 00000000 00:00 0 
7f4388797000-7f4388798000 ---p 00000000 00:00 0 
7f4388798000-7f4388899000 rw-p 00000000 00:00 0 
7f4388899000-7f4388b09000 rwxp 00000000 00:00 0 
7f4388b09000-7f4388e28000 ---p 00000000 00:00 0 
7f4388e28000-7f4389098000 rwxp 00000000 00:00 0 
7f4389098000-7f4390360000 ---p 00000000 00:00 0 
7f4390360000-7f43905d0000 rwxp 00000000 00:00 0 
7f43905d0000-7f4397899000 ---p 00000000 00:00 0 
7f43a0000000-7f43a045a000 rw-p 00000000 00:00 0 
7f43a045a000-7f43a4000000 ---p 00000000 00:00 0 
7f43a4033000-7f43a4046000 r--s 00000000 08:01 8540210                    /var/cache/fontconfig/d52a8644073d54c13679302ca1180695-le64.cache-7
7f43a4046000-7f43a4075000 r--s 00000000 08:01 7761000                    /var/cache/fontconfig/cabbd14511b9e8a55e92af97fb3a0461-le64.cache-7
7f43a4075000-7f43a407e000 r--p 00000000 08:01 9829120                    /usr/share/glib-2.0/schemas/gschemas.compiled
7f43a407e000-7f43a4082000 ---p 00000000 00:00 0 
7f43a4082000-7f43a417f000 rw-p 00000000 00:00 0 
7f43a417f000-7f43a4183000 ---p 00000000 00:00 0 
7f43a4183000-7f43a4280000 rw-p 00000000 00:00 0 
7f43a4280000-7f43a4284000 ---p 00000000 00:00 0 
7f43a4284000-7f43a4381000 rw-p 00000000 00:00 0 
7f43a4381000-7f43a4385000 ---p 00000000 00:00 0 
7f43a4385000-7f43a4482000 rw-p 00000000 00:00 0 
7f43a4482000-7f43a4486000 ---p 00000000 00:00 0 
7f43a4486000-7f43a4583000 rw-p 00000000 00:00 0 
7f43a4583000-7f43a471e000 r--p 00000000 08:01 9816788                    /usr/lib/locale/locale-archive
7f43a471e000-7f43a4722000 ---p 00000000 00:00 0 
7f43a4722000-7f43a481f000 rw-p 00000000 00:00 0 
7f43a481f000-7f43a4823000 ---p 00000000 00:00 0 
7f43a4823000-7f43a4920000 rw-p 00000000 00:00 0 
7f43a4920000-7f43a4921000 ---p 00000000 00:00 0 
7f43a4921000-7f43a52fe000 rw-p 00000000 00:00 0 
7f43a52fe000-7f43a5303000 rw-p 00000000 00:00 0 
7f43a5303000-7f43a53e9000 ---p 00000000 00:00 0 
7f43a53e9000-7f43a53ee000 rw-p 00000000 00:00 0 
7f43a53ee000-7f43a54d4000 ---p 00000000 00:00 0 
7f43a54d4000-7f43a54db000 r-xp 00000000 08:01 10082963                   /usr/lib/jvm/java-11-openjdk-amd64/lib/libzip.so
7f43a54db000-7f43a56da000 ---p 00007000 08:01 10082963                   /usr/lib/jvm/java-11-openjdk-amd64/lib/libzip.so
7f43a56da000-7f43a56db000 r--p 00006000 08:01 10082963                   /usr/lib/jvm/java-11-openjdk-amd64/lib/libzip.so
7f43a56db000-7f43a56dc000 rw-p 00007000 08:01 10082963                   /usr/lib/jvm/java-11-openjdk-amd64/lib/libzip.so
7f43a56dc000-7f43a56e7000 r-xp 00000000 08:01 9566935                    /lib/x86_64-linux-gnu/libnss_files-2.27.so
7f43a56e7000-7f43a58e6000 ---p 0000b000 08:01 9566935                    /lib/x86_64-linux-gnu/libnss_files-2.27.so
7f43a58e6000-7f43a58e7000 r--p 0000a000 08:01 9566935                    /lib/x86_64-linux-gnu/libnss_files-2.27.so
7f43a58e7000-7f43a58e8000 rw-p 0000b000 08:01 9566935                    /lib/x86_64-linux-gnu/libnss_files-2.27.so
7f43a58e8000-7f43a58ee000 rw-p 00000000 00:00 0 
7f43a58ee000-7f43a5905000 r-xp 00000000 08:01 9566929                    /lib/x86_64-linux-gnu/libnsl-2.27.so
7f43a5905000-7f43a5b04000 ---p 00017000 08:01 9566929                    /lib/x86_64-linux-gnu/libnsl-2.27.so
7f43a5b04000-7f43a5b05000 r--p 00016000 08:01 9566929                    /lib/x86_64-linux-gnu/libnsl-2.27.so
7f43a5b05000-7f43a5b06000 rw-p 00017000 08:01 9566929                    /lib/x86_64-linux-gnu/libnsl-2.27.so
7f43a5b06000-7f43a5b08000 rw-p 00000000 00:00 0 
7f43a5b08000-7f43a5b13000 r-xp 00000000 08:01 9566939                    /lib/x86_64-linux-gnu/libnss_nis-2.27.so
7f43a5b13000-7f43a5d12000 ---p 0000b000 08:01 9566939                    /lib/x86_64-linux-gnu/libnss_nis-2.27.so
7f43a5d12000-7f43a5d13000 r--p 0000a000 08:01 9566939                    /lib/x86_64-linux-gnu/libnss_nis-2.27.so
7f43a5d13000-7f43a5d14000 rw-p 0000b000 08:01 9566939                    /lib/x86_64-linux-gnu/libnss_nis-2.27.so
7f43a5d14000-7f43a5d1c000 r-xp 00000000 08:01 9566931                    /lib/x86_64-linux-gnu/libnss_compat-2.27.so
7f43a5d1c000-7f43a5f1c000 ---p 00008000 08:01 9566931                    /lib/x86_64-linux-gnu/libnss_compat-2.27.so
7f43a5f1c000-7f43a5f1d000 r--p 00008000 08:01 9566931                    /lib/x86_64-linux-gnu/libnss_compat-2.27.so
7f43a5f1d000-7f43a5f1e000 rw-p 00009000 08:01 9566931                    /lib/x86_64-linux-gnu/libnss_compat-2.27.so
7f43a5f1e000-7f43a5f23000 r-xp 00000000 08:01 10082945                   /usr/lib/jvm/java-11-openjdk-amd64/lib/libjimage.so
7f43a5f23000-7f43a6122000 ---p 00005000 08:01 10082945                   /usr/lib/jvm/java-11-openjdk-amd64/lib/libjimage.so
7f43a6122000-7f43a6123000 r--p 00004000 08:01 10082945                   /usr/lib/jvm/java-11-openjdk-amd64/lib/libjimage.so
7f43a6123000-7f43a6124000 rw-p 00005000 08:01 10082945                   /usr/lib/jvm/java-11-openjdk-amd64/lib/libjimage.so
7f43a6124000-7f43a614d000 r-xp 00000000 08:01 10082941                   /usr/lib/jvm/java-11-openjdk-amd64/lib/libjava.so
7f43a614d000-7f43a634d000 ---p 00029000 08:01 10082941                   /usr/lib/jvm/java-11-openjdk-amd64/lib/libjava.so
7f43a634d000-7f43a634e000 r--p 00029000 08:01 10082941                   /usr/lib/jvm/java-11-openjdk-amd64/lib/libjava.so
7f43a634e000-7f43a634f000 rw-p 0002a000 08:01 10082941                   /usr/lib/jvm/java-11-openjdk-amd64/lib/libjava.so
7f43a634f000-7f43a6350000 rw-p 00000000 00:00 0 
7f43a6350000-7f43a635d000 r-xp 00000000 08:01 10082962                   /usr/lib/jvm/java-11-openjdk-amd64/lib/libverify.so
7f43a635d000-7f43a655c000 ---p 0000d000 08:01 10082962                   /usr/lib/jvm/java-11-openjdk-amd64/lib/libverify.so
7f43a655c000-7f43a655e000 r--p 0000c000 08:01 10082962                   /usr/lib/jvm/java-11-openjdk-amd64/lib/libverify.so
7f43a655e000-7f43a655f000 rw-p 0000e000 08:01 10082962                   /usr/lib/jvm/java-11-openjdk-amd64/lib/libverify.so
7f43a655f000-7f43a6566000 r-xp 00000000 08:01 9566950                    /lib/x86_64-linux-gnu/librt-2.27.so
7f43a6566000-7f43a6765000 ---p 00007000 08:01 9566950                    /lib/x86_64-linux-gnu/librt-2.27.so
7f43a6765000-7f43a6766000 r--p 00006000 08:01 9566950                    /lib/x86_64-linux-gnu/librt-2.27.so
7f43a6766000-7f43a6767000 rw-p 00007000 08:01 9566950                    /lib/x86_64-linux-gnu/librt-2.27.so
7f43a6767000-7f43a677e000 r-xp 00000000 08:01 6978315                    /lib/x86_64-linux-gnu/libgcc_s.so.1
7f43a677e000-7f43a697d000 ---p 00017000 08:01 6978315                    /lib/x86_64-linux-gnu/libgcc_s.so.1
7f43a697d000-7f43a697e000 r--p 00016000 08:01 6978315                    /lib/x86_64-linux-gnu/libgcc_s.so.1
7f43a697e000-7f43a697f000 rw-p 00017000 08:01 6978315                    /lib/x86_64-linux-gnu/libgcc_s.so.1
7f43a697f000-7f43a6b1c000 r-xp 00000000 08:01 9566922                    /lib/x86_64-linux-gnu/libm-2.27.so
7f43a6b1c000-7f43a6d1b000 ---p 0019d000 08:01 9566922                    /lib/x86_64-linux-gnu/libm-2.27.so
7f43a6d1b000-7f43a6d1c000 r--p 0019c000 08:01 9566922                    /lib/x86_64-linux-gnu/libm-2.27.so
7f43a6d1c000-7f43a6d1d000 rw-p 0019d000 08:01 9566922                    /lib/x86_64-linux-gnu/libm-2.27.so
7f43a6d1d000-7f43a6e96000 r-xp 00000000 08:01 7239262                    /usr/lib/x86_64-linux-gnu/libstdc++.so.6.0.25
7f43a6e96000-7f43a7096000 ---p 00179000 08:01 7239262                    /usr/lib/x86_64-linux-gnu/libstdc++.so.6.0.25
7f43a7096000-7f43a70a0000 r--p 00179000 08:01 7239262                    /usr/lib/x86_64-linux-gnu/libstdc++.so.6.0.25
7f43a70a0000-7f43a70a2000 rw-p 00183000 08:01 7239262                    /usr/lib/x86_64-linux-gnu/libstdc++.so.6.0.25
7f43a70a2000-7f43a70a6000 rw-p 00000000 00:00 0 
7f43a70a6000-7f43a8297000 r-xp 00000000 08:01 10082976                   /usr/lib/jvm/java-11-openjdk-amd64/lib/server/libjvm.so
7f43a8297000-7f43a8496000 ---p 011f1000 08:01 10082976                   /usr/lib/jvm/java-11-openjdk-amd64/lib/server/libjvm.so
7f43a8496000-7f43a8557000 r--p 011f0000 08:01 10082976                   /usr/lib/jvm/java-11-openjdk-amd64/lib/server/libjvm.so
7f43a8557000-7f43a8592000 rw-p 012b1000 08:01 10082976                   /usr/lib/jvm/java-11-openjdk-amd64/lib/server/libjvm.so
7f43a8592000-7f43a85e9000 rw-p 00000000 00:00 0 
7f43a85e9000-7f43a8603000 r-xp 00000000 08:01 9566944                    /lib/x86_64-linux-gnu/libpthread-2.27.so
7f43a8603000-7f43a8802000 ---p 0001a000 08:01 9566944                    /lib/x86_64-linux-gnu/libpthread-2.27.so
7f43a8802000-7f43a8803000 r--p 00019000 08:01 9566944                    /lib/x86_64-linux-gnu/libpthread-2.27.so
7f43a8803000-7f43a8804000 rw-p 0001a000 08:01 9566944                    /lib/x86_64-linux-gnu/libpthread-2.27.so
7f43a8804000-7f43a8808000 rw-p 00000000 00:00 0 
7f43a8808000-7f43a880b000 r-xp 00000000 08:01 9566910                    /lib/x86_64-linux-gnu/libdl-2.27.so
7f43a880b000-7f43a8a0a000 ---p 00003000 08:01 9566910                    /lib/x86_64-linux-gnu/libdl-2.27.so
7f43a8a0a000-7f43a8a0b000 r--p 00002000 08:01 9566910                    /lib/x86_64-linux-gnu/libdl-2.27.so
7f43a8a0b000-7f43a8a0c000 rw-p 00003000 08:01 9566910                    /lib/x86_64-linux-gnu/libdl-2.27.so
7f43a8a0c000-7f43a8a28000 r-xp 00000000 08:01 6978385                    /lib/x86_64-linux-gnu/libz.so.1.2.11
7f43a8a28000-7f43a8c27000 ---p 0001c000 08:01 6978385                    /lib/x86_64-linux-gnu/libz.so.1.2.11
7f43a8c27000-7f43a8c28000 r--p 0001b000 08:01 6978385                    /lib/x86_64-linux-gnu/libz.so.1.2.11
7f43a8c28000-7f43a8c29000 rw-p 0001c000 08:01 6978385                    /lib/x86_64-linux-gnu/libz.so.1.2.11
7f43a8c29000-7f43a8e10000 r-xp 00000000 08:01 9566902                    /lib/x86_64-linux-gnu/libc-2.27.so
7f43a8e10000-7f43a9010000 ---p 001e7000 08:01 9566902                    /lib/x86_64-linux-gnu/libc-2.27.so
7f43a9010000-7f43a9014000 r--p 001e7000 08:01 9566902                    /lib/x86_64-linux-gnu/libc-2.27.so
7f43a9014000-7f43a9016000 rw-p 001eb000 08:01 9566902                    /lib/x86_64-linux-gnu/libc-2.27.so
7f43a9016000-7f43a901a000 rw-p 00000000 00:00 0 
7f43a901a000-7f43a902a000 r-xp 00000000 08:01 10082923                   /usr/lib/jvm/java-11-openjdk-amd64/lib/jli/libjli.so
7f43a902a000-7f43a9229000 ---p 00010000 08:01 10082923                   /usr/lib/jvm/java-11-openjdk-amd64/lib/jli/libjli.so
7f43a9229000-7f43a922a000 r--p 0000f000 08:01 10082923                   /usr/lib/jvm/java-11-openjdk-amd64/lib/jli/libjli.so
7f43a922a000-7f43a922b000 rw-p 00010000 08:01 10082923                   /usr/lib/jvm/java-11-openjdk-amd64/lib/jli/libjli.so
7f43a922b000-7f43a9254000 r-xp 00000000 08:01 9566891                    /lib/x86_64-linux-gnu/ld-2.27.so
7f43a9254000-7f43a9258000 r--s 00000000 08:01 9574690                    /var/cache/fontconfig/d589a48862398ed80a3d6066f4f56f4c-le64.cache-7
7f43a9258000-7f43a92c5000 rw-p 00000000 00:00 0 
7f43a92c5000-7f43a92ed000 ---p 00000000 00:00 0 
7f43a92ed000-7f43a92ef000 rw-p 00000000 00:00 0 
7f43a92ef000-7f43a9302000 ---p 00000000 00:00 0 
7f43a9302000-7f43a9305000 rw-p 00000000 00:00 0 
7f43a9305000-7f43a932d000 ---p 00000000 00:00 0 
7f43a932d000-7f43a932e000 rw-p 00000000 00:00 0 
7f43a932e000-7f43a9332000 ---p 00000000 00:00 0 
7f43a9332000-7f43a9434000 rw-p 00000000 00:00 0 
7f43a9434000-7f43a9435000 r--s 00000000 08:01 7782438                    /home/runner/.cache/dconf/user
7f43a9435000-7f43a943a000 rw-p 00000000 00:00 0 
7f43a943a000-7f43a9441000 ---p 00000000 00:00 0 
7f43a9441000-7f43a9443000 r--s 00007000 08:01 10582485                   /usr/share/java/java-atk-wrapper.jar
7f43a9443000-7f43a944b000 rw-s 00000000 08:01 873771                     /tmp/hsperfdata_runner/44
7f43a944b000-7f43a944c000 ---p 00000000 00:00 0 
7f43a944c000-7f43a944d000 r--p 00000000 00:00 0 
7f43a944d000-7f43a944e000 r--p 00000000 08:01 7761286                    /usr/local/lib/repl.so
7f43a944e000-7f43a944f000 r-xp 00001000 08:01 7761286                    /usr/local/lib/repl.so
7f43a944f000-7f43a9450000 r--p 00002000 08:01 7761286                    /usr/local/lib/repl.so
7f43a9450000-7f43a9451000 r--p 00002000 08:01 7761286                    /usr/local/lib/repl.so
7f43a9451000-7f43a9452000 rw-p 00003000 08:01 7761286                    /usr/local/lib/repl.so
7f43a9452000-7f43a9454000 rw-p 00000000 00:00 0 
7f43a9454000-7f43a9455000 r--p 00029000 08:01 9566891                    /lib/x86_64-linux-gnu/ld-2.27.so
7f43a9455000-7f43a9456000 rw-p 0002a000 08:01 9566891                    /lib/x86_64-linux-gnu/ld-2.27.so
7f43a9456000-7f43a9457000 rw-p 00000000 00:00 0 
7fff6edbb000-7fff6eddc000 rw-p 00000000 00:00 0                          [stack]
7fff6eddd000-7fff6ede0000 r--p 00000000 00:00 0                          [vvar]
7fff6ede0000-7fff6ede1000 r-xp 00000000 00:00 0                          [vdso]
ffffffffff600000-ffffffffff601000 r-xp 00000000 00:00 0                  [vsyscall]


VM Arguments:
java_command: Main
java_class_path (initial): .:/run_dir/junit-4.12.jar:target/dependency/*
Launcher Type: SUN_STANDARD

[Global flags]
     intx CICompilerCount                          = 2                                         {product} {ergonomic}
   size_t InitialHeapSize                          = 8388608                                   {product} {ergonomic}
   size_t MaxHeapSize                              = 134217728                                 {product} {ergonomic}
   size_t MaxNewSize                               = 44695552                                  {product} {ergonomic}
   size_t MinHeapDeltaBytes                        = 196608                                    {product} {ergonomic}
   size_t NewSize                                  = 2752512                                   {product} {ergonomic}
    uintx NonNMethodCodeHeapSize                   = 5825164                                {pd product} {ergonomic}
    uintx NonProfiledCodeHeapSize                  = 122916538                              {pd product} {ergonomic}
   size_t OldSize                                  = 5636096                                   {product} {ergonomic}
    uintx ProfiledCodeHeapSize                     = 122916538                              {pd product} {ergonomic}
    uintx ReservedCodeCacheSize                    = 251658240                              {pd product} {ergonomic}
     bool SegmentedCodeCache                       = true                                      {product} {ergonomic}
     bool UseCompressedClassPointers               = true                                 {lp64_product} {ergonomic}
     bool UseCompressedOops                        = true                                 {lp64_product} {ergonomic}
     bool UseSerialGC                              = true                                      {product} {ergonomic}

Logging:
Log output configuration:
 #0: stdout all=warning uptime,level,tags
 #1: stderr all=off uptime,level,tags

Environment Variables:
PATH=/home/runner/.apt/usr/bin:/usr/local/go/bin:/opt/virtualenvs/python3/bin:/usr/GNUstep/System/Tools:/usr/GNUstep/Local/Tools:/usr/local/sbin:/usr/local/bin:/usr/sbin:/usr/bin:/sbin:/bin
LD_LIBRARY_PATH=/home/runner/.apt/usr/lib/x86_64-linux-gnu:/home/runner/.apt/usr/lib/i386-linux-gnu:/home/runner/.apt/usr/lib:
LD_PRELOAD=/usr/local/lib/repl.so
DISPLAY=MAGIC
LANG=en_US.UTF-8
LC_ALL=en_US.UTF-8

Signal Handlers:
SIGSEGV: [libjvm.so+0xeeaf50], sa_mask[0]=11111111011111111101111111111110, sa_flags=SA_RESTART|SA_SIGINFO
SIGBUS: [libjvm.so+0xeeaf50], sa_mask[0]=11111111011111111101111111111110, sa_flags=SA_RESTART|SA_SIGINFO
SIGFPE: [libjvm.so+0xeeaf50], sa_mask[0]=11111111011111111101111111111110, sa_flags=SA_RESTART|SA_SIGINFO
SIGPIPE: SIG_IGN, sa_mask[0]=00000000000010000000000000000000, sa_flags=SA_RESTART
SIGXFSZ: [libjvm.so+0xc0ee30], sa_mask[0]=11111111011111111101111111111110, sa_flags=SA_RESTART|SA_SIGINFO
SIGILL: [libjvm.so+0xeeaf50], sa_mask[0]=11111111011111111101111111111110, sa_flags=SA_RESTART|SA_SIGINFO
SIGUSR2: [libjvm.so+0xc0ecd0], sa_mask[0]=00000000000000000000000000000000, sa_flags=SA_RESTART|SA_SIGINFO
SIGHUP: [libjvm.so+0xc0f030], sa_mask[0]=11111111011111111101111111111110, sa_flags=SA_RESTART|SA_SIGINFO
SIGINT: [libjvm.so+0xc0f030], sa_mask[0]=11111111011111111101111111111110, sa_flags=SA_RESTART|SA_SIGINFO
SIGTERM: [libjvm.so+0xc0f030], sa_mask[0]=11111111011111111101111111111110, sa_flags=SA_RESTART|SA_SIGINFO
SIGQUIT: [libjvm.so+0xc0f030], sa_mask[0]=11111111011111111101111111111110, sa_flags=SA_RESTART|SA_SIGINFO


---------------  S Y S T E M  ---------------

OS:DISTRIB_ID=Ubuntu
DISTRIB_RELEASE=18.04
DISTRIB_CODENAME=bionic
DISTRIB_DESCRIPTION="Ubuntu 18.04.5 LTS"
uname:Linux 5.4.0-1019-gcp #19-Ubuntu SMP Tue Jun 23 15:46:40 UTC 2020 x86_64
OS uptime: 0 days 3:46 hours
libc:glibc 2.27 NPTL 2.27 
rlimit (soft/hard): STACK 8192k/infinity , CORE infinity/infinity , NPROC infinity/infinity , NOFILE 512/512 , AS infinity/infinity , CPU infinity/infinity , DATA infinity/infinity , FSIZE infinity/infinity , MEMLOCK 64k/64k
load average:3.50 4.10 3.52

/proc/meminfo:
MemTotal:       26694660 kB
MemFree:        15101840 kB
MemAvailable:   22105564 kB
Buffers:          479992 kB
Cached:          5603008 kB
SwapCached:            0 kB
Active:          5801836 kB
Inactive:        3486960 kB
Active(anon):    2615804 kB
Inactive(anon):     7048 kB
Active(file):    3186032 kB
Inactive(file):  3479912 kB
Unevictable:       46540 kB
Mlocked:           46540 kB
SwapTotal:             0 kB
SwapFree:              0 kB
Dirty:              1112 kB
Writeback:             4 kB
AnonPages:       3252820 kB
Mapped:           733708 kB
Shmem:             16432 kB
KReclaimable:     755356 kB
Slab:            1731580 kB
SReclaimable:     755356 kB
SUnreclaim:       976224 kB
KernelStack:      326888 kB
PageTables:        55956 kB
NFS_Unstable:          0 kB
Bounce:                0 kB
WritebackTmp:          0 kB
CommitLimit:    13347328 kB
Committed_AS:   44934740 kB
VmallocTotal:   34359738367 kB
VmallocUsed:      341396 kB
VmallocChunk:          0 kB
Percpu:            20576 kB
HardwareCorrupted:     0 kB
AnonHugePages:    188416 kB
ShmemHugePages:        0 kB
ShmemPmdMapped:        0 kB
FileHugePages:         0 kB
FilePmdMapped:         0 kB
CmaTotal:              0 kB
CmaFree:               0 kB
HugePages_Total:       0
HugePages_Free:        0
HugePages_Rsvd:        0
HugePages_Surp:        0
Hugepagesize:       2048 kB
Hugetlb:               0 kB
DirectMap4k:     1905896 kB
DirectMap2M:    13821952 kB
DirectMap1G:    13631488 kB

/sys/kernel/mm/transparent_hugepage/enabled:
always [madvise] never
/sys/kernel/mm/transparent_hugepage/defrag (defrag/compaction efforts parameter):
always defer defer+madvise [madvise] never

/proc/sys/kernel/threads-max (system-wide limit on the number of threads):
208489
/proc/sys/vm/max_map_count (maximum number of memory map areas a process may have):
65530
/proc/sys/kernel/pid_max (system-wide limit on number of process identifiers):
4194304

container (cgroup) information:
container_type: cgroupv1
cpu_cpuset_cpus: 0-3
cpu_memory_nodes: 0
active_processor_count: 1
cpu_quota: 50000
cpu_period: 100000
cpu_shares: 512
memory_limit_in_bytes: 536870912
memory_and_swap_limit_in_bytes: -2
memory_soft_limit_in_bytes: -1
memory_usage_in_bytes: 143376384
memory_max_usage_in_bytes: 536870912

KVM virtualization detected
Steal ticks since vm start: 0
Steal ticks percentage since vm start:  0.000

CPU:total 4 (initial active 1) (2 cores per cpu, 2 threads per core) family 6 model 63 stepping 0, cmov, cx8, fxsr, mmx, sse, sse2, sse3, ssse3, sse4.1, sse4.2, popcnt, avx, avx2, aes, clmul, erms, lzcnt, ht, tsc, tscinvbit, bmi1, bmi2, fma
CPU Model and flags from /proc/cpuinfo:
model name	: Intel(R) Xeon(R) CPU @ 2.30GHz
flags		: fpu vme de pse tsc msr pae mce cx8 apic sep mtrr pge mca cmov pat pse36 clflush mmx fxsr sse sse2 ss ht syscall nx pdpe1gb rdtscp lm constant_tsc rep_good nopl xtopology nonstop_tsc cpuid tsc_known_freq pni pclmulqdq ssse3 fma cx16 pcid sse4_1 sse4_2 x2apic movbe popcnt aes xsave avx f16c rdrand hypervisor lahf_lm abm invpcid_single pti ssbd ibrs ibpb stibp fsgsbase tsc_adjust bmi1 avx2 smep bmi2 erms invpcid xsaveopt arat md_clear arch_capabilities
Online cpus:
0-3
Offline cpus:

BIOS frequency limitation:
<Not Available>
Frequency switch latency (ns):
<Not Available>
Available cpu frequencies:
<Not Available>
Current governor:
<Not Available>
Core performance/turbo boost:
<Not Available>

Memory: 4k page, physical 524288k(384272k free), swap 0k(0k free)

vm_info: OpenJDK 64-Bit Server VM (11.0.9.1+1-Ubuntu-0ubuntu1.18.04) for linux-amd64 JRE (11.0.9.1+1-Ubuntu-0ubuntu1.18.04), built on Nov 10 2020 04:18:42 by "unknown" with gcc 7.5.0

END.
